<?xml version="1.0" encoding="UTF-8"?>
<!-- Generated by org.testng.reporters.JUnitXMLReporter -->
<testsuite ignored="2" hostname="ULTS-LAP668" failures="0" tests="2" name="Default test" time="6.221" errors="0" timestamp="2024-10-14T17:53:34 IST">
  <testcase classname="testpom.logintestcase" name="passvalues" time="2.056"/>
  <testcase classname="testpom.homepagetest" name="actions" time="0.543"/>
  <testcase classname="pagespom.baseclass" name="@AfterTest close" time="0.0">
    <ignored/>
  </testcase> <!-- @AfterTest close -->
  <testcase classname="pagespom.baseclass" name="@BeforeTest initial" time="0.0">
    <ignored/>
  </testcase> <!-- @BeforeTest initial -->
</testsuite> <!-- Default test -->
