<?xml version="1.0" encoding="UTF-8"?>
<!-- Generated by org.testng.reporters.JUnitXMLReporter -->
<testsuite ignored="8" hostname="ULTS-LAP668" failures="0" tests="5" name="Default test" time="5.089" errors="0" timestamp="2025-03-20T12:18:48 IST">
  <testcase classname="testpom.logintestcase" name="passvalues" time="1.02"/>
  <testcase classname="testpom.homepagetest" name="actions" time="0.332"/>
  <testcase classname="testpom.cartpagetest" name="cartact" time="0.275"/>
  <testcase classname="testpom.checkouttestcase" name="passvalue" time="0.221"/>
  <testcase classname="testpom.checkoutoverviewtest" name="finalaction" time="0.399"/>
  <testcase classname="pagespom.baseclass" name="@AfterTest close" time="0.0">
    <ignored/>
  </testcase> <!-- @AfterTest close -->
  <testcase classname="pagespom.baseclass" name="@AfterTest close" time="0.0">
    <ignored/>
  </testcase> <!-- @AfterTest close -->
  <testcase classname="pagespom.baseclass" name="@AfterTest close" time="0.0">
    <ignored/>
  </testcase> <!-- @AfterTest close -->
  <testcase classname="pagespom.baseclass" name="@AfterTest close" time="0.0">
    <ignored/>
  </testcase> <!-- @AfterTest close -->
  <testcase classname="pagespom.baseclass" name="@BeforeTest initial" time="0.0">
    <ignored/>
  </testcase> <!-- @BeforeTest initial -->
  <testcase classname="pagespom.baseclass" name="@BeforeTest initial" time="0.0">
    <ignored/>
  </testcase> <!-- @BeforeTest initial -->
  <testcase classname="pagespom.baseclass" name="@BeforeTest initial" time="0.0">
    <ignored/>
  </testcase> <!-- @BeforeTest initial -->
  <testcase classname="pagespom.baseclass" name="@BeforeTest initial" time="0.0">
    <ignored/>
  </testcase> <!-- @BeforeTest initial -->
</testsuite> <!-- Default test -->
