<?xml version="1.0" encoding="UTF-8"?>
<!-- Generated by org.testng.reporters.JUnitXMLReporter -->
<testsuite ignored="6" hostname="ULTS-LAP668" failures="0" tests="4" name="Login and Home Page Tests" time="5.217" errors="0" timestamp="2024-10-15T15:09:59 IST">
  <testcase classname="testpom.logintestcase" name="passvalues" time="1.236"/>
  <testcase classname="testpom.homepagetest" name="actions" time="0.241"/>
  <testcase classname="testpom.cartpagetest" name="cartact" time="0.159"/>
  <testcase classname="testpom.checkouttestcase" name="passvalue" time="0.187"/>
  <testcase classname="pagespom.baseclass" name="@AfterTest close" time="0.0">
    <ignored/>
  </testcase> <!-- @AfterTest close -->
  <testcase classname="pagespom.baseclass" name="@AfterTest close" time="0.0">
    <ignored/>
  </testcase> <!-- @AfterTest close -->
  <testcase classname="pagespom.baseclass" name="@AfterTest close" time="0.0">
    <ignored/>
  </testcase> <!-- @AfterTest close -->
  <testcase classname="pagespom.baseclass" name="@BeforeTest initial" time="0.0">
    <ignored/>
  </testcase> <!-- @BeforeTest initial -->
  <testcase classname="pagespom.baseclass" name="@BeforeTest initial" time="0.0">
    <ignored/>
  </testcase> <!-- @BeforeTest initial -->
  <testcase classname="pagespom.baseclass" name="@BeforeTest initial" time="0.0">
    <ignored/>
  </testcase> <!-- @BeforeTest initial -->
</testsuite> <!-- Login and Home Page Tests -->
