<?xml version="1.0" encoding="UTF-8"?>
<!-- Generated by org.testng.reporters.JUnitXMLReporter -->
<testsuite ignored="2" hostname="ULTS-LAP668" failures="1" tests="2" name="Login and Home Page Tests" time="5.907" errors="0" timestamp="2024-10-14T17:39:10 IST">
  <testcase classname="testpom.logintestcase" name="passvalues" time="1.946"/>
  <testcase classname="testpom.homepagetest" name="actions" time="0.011">
    <failure type="java.lang.NullPointerException" message="Cannot invoke &amp;quot;org.openqa.selenium.WebDriver.getCurrentUrl()&amp;quot; because &amp;quot;this.driver&amp;quot; is null">
      <![CDATA[java.lang.NullPointerException: Cannot invoke "org.openqa.selenium.WebDriver.getCurrentUrl()" because "this.driver" is null
at testpom.homepagetest.actions(homepagetest.java:20)
at java.base/java.util.ArrayList.forEach(ArrayList.java:1511)
... Removed 27 stack frames]]>
    </failure>
  </testcase> <!-- actions -->
  <testcase classname="pagespom.baseclass" name="@AfterTest close" time="0.0">
    <ignored/>
  </testcase> <!-- @AfterTest close -->
  <testcase classname="pagespom.baseclass" name="@BeforeTest initial" time="0.0">
    <ignored/>
  </testcase> <!-- @BeforeTest initial -->
</testsuite> <!-- Login and Home Page Tests -->
