<?xml version="1.0" encoding="UTF-8"?>
<testng-results ignored="8" total="13" passed="5" failed="0" skipped="0">
  <reporter-output>
  </reporter-output>
  <suite started-at="2025-03-20T12:18:43 IST" name="Default suite" finished-at="2025-03-20T12:18:48 IST" duration-ms="5089">
    <groups>
      <group name="checkoutgroup">
        <method signature="checkouttestcase.passvalue()[pri:0, instance:testpom.checkouttestcase@3527942a]" name="passvalue" class="testpom.checkouttestcase"/>
      </group> <!-- checkoutgroup -->
      <group name="loginpage">
        <method signature="logintestcase.passvalues()[pri:0, instance:testpom.logintestcase@5e600dd5]" name="passvalues" class="testpom.logintestcase"/>
      </group> <!-- loginpage -->
      <group name="cartgroup">
        <method signature="cartpagetest.cartact()[pri:0, instance:testpom.cartpagetest@5d534f5d]" name="cartact" class="testpom.cartpagetest"/>
      </group> <!-- cartgroup -->
      <group name="homepage">
        <method signature="homepagetest.actions()[pri:0, instance:testpom.homepagetest@2e3967ea]" name="actions" class="testpom.homepagetest"/>
      </group> <!-- homepage -->
    </groups>
    <test started-at="2025-03-20T12:18:43 IST" name="Default test" finished-at="2025-03-20T12:18:48 IST" duration-ms="5089">
      <class name="testpom.checkouttestcase">
        <test-method is-config="true" signature="initial()[pri:0, instance:testpom.checkouttestcase@3527942a]" started-at="2025-03-20T12:18:43 IST" name="initial" finished-at="2025-03-20T12:18:45 IST" duration-ms="2475" status="PASS">
          <reporter-output>
          </reporter-output>
        </test-method> <!-- initial -->
        <test-method signature="passvalue()[pri:0, instance:testpom.checkouttestcase@3527942a]" started-at="2025-03-20T12:18:47 IST" name="passvalue" depends-on-groups="cartgroup" finished-at="2025-03-20T12:18:47 IST" duration-ms="221" status="PASS">
          <reporter-output>
          </reporter-output>
        </test-method> <!-- passvalue -->
        <test-method is-config="true" signature="close()[pri:0, instance:testpom.checkouttestcase@3527942a]" started-at="2025-03-20T12:18:48 IST" name="close" finished-at="2025-03-20T12:18:48 IST" duration-ms="335" status="PASS">
          <reporter-output>
          </reporter-output>
        </test-method> <!-- close -->
      </class> <!-- testpom.checkouttestcase -->
      <class name="testpom.logintestcase">
        <test-method signature="passvalues()[pri:0, instance:testpom.logintestcase@5e600dd5]" started-at="2025-03-20T12:18:45 IST" name="passvalues" finished-at="2025-03-20T12:18:46 IST" duration-ms="1020" status="PASS">
          <reporter-output>
          </reporter-output>
        </test-method> <!-- passvalues -->
      </class> <!-- testpom.logintestcase -->
      <class name="testpom.checkoutoverviewtest">
        <test-method signature="finalaction()[pri:0, instance:testpom.checkoutoverviewtest@576d5deb]" started-at="2025-03-20T12:18:47 IST" name="finalaction" depends-on-groups="checkoutgroup" finished-at="2025-03-20T12:18:48 IST" duration-ms="399" status="PASS">
          <reporter-output>
          </reporter-output>
        </test-method> <!-- finalaction -->
      </class> <!-- testpom.checkoutoverviewtest -->
      <class name="testpom.cartpagetest">
        <test-method signature="cartact()[pri:0, instance:testpom.cartpagetest@5d534f5d]" started-at="2025-03-20T12:18:47 IST" name="cartact" depends-on-groups="homepage" finished-at="2025-03-20T12:18:47 IST" duration-ms="275" status="PASS">
          <reporter-output>
          </reporter-output>
        </test-method> <!-- cartact -->
      </class> <!-- testpom.cartpagetest -->
      <class name="testpom.homepagetest">
        <test-method signature="actions()[pri:0, instance:testpom.homepagetest@2e3967ea]" started-at="2025-03-20T12:18:46 IST" name="actions" depends-on-groups="loginpage" finished-at="2025-03-20T12:18:47 IST" duration-ms="332" status="PASS">
          <reporter-output>
          </reporter-output>
        </test-method> <!-- actions -->
      </class> <!-- testpom.homepagetest -->
    </test> <!-- Default test -->
  </suite> <!-- Default suite -->
</testng-results>
